  actualTicTacToe.cpp
C:\Users\Jack\source\repos\helloWorld\actualTicTacToe\actualTicTacToe.cpp(225,58): warning C4244: 'argument': conversion from 'const int' to 'T', possible loss of data
          with
          [
              T=float
          ]
C:\Users\Jack\source\repos\helloWorld\actualTicTacToe\actualTicTacToe.cpp(225,48): warning C4244: 'argument': conversion from 'const int' to 'T', possible loss of data
          with
          [
              T=float
          ]
C:\Users\Jack\source\repos\helloWorld\actualTicTacToe\actualTicTacToe.cpp(226,49): warning C4244: 'argument': conversion from 'const int' to 'T', possible loss of data
          with
          [
              T=float
          ]
C:\Users\Jack\source\repos\helloWorld\actualTicTacToe\actualTicTacToe.cpp(227,60): warning C4244: 'argument': conversion from 'double' to 'T', possible loss of data
          with
          [
              T=float
          ]
C:\Users\Jack\source\repos\helloWorld\actualTicTacToe\actualTicTacToe.cpp(345,48): warning C4244: 'argument': conversion from 'int' to 'float', possible loss of data
C:\Users\Jack\source\repos\helloWorld\actualTicTacToe\actualTicTacToe.cpp(345,41): warning C4244: 'argument': conversion from 'int' to 'float', possible loss of data
C:\Users\Jack\source\repos\helloWorld\actualTicTacToe\actualTicTacToe.cpp(349,48): warning C4244: 'argument': conversion from 'int' to 'float', possible loss of data
C:\Users\Jack\source\repos\helloWorld\actualTicTacToe\actualTicTacToe.cpp(349,41): warning C4244: 'argument': conversion from 'int' to 'float', possible loss of data
C:\Users\Jack\source\repos\helloWorld\actualTicTacToe\actualTicTacToe.cpp(353,52): warning C4244: 'argument': conversion from 'int' to 'float', possible loss of data
C:\Users\Jack\source\repos\helloWorld\actualTicTacToe\actualTicTacToe.cpp(353,45): warning C4244: 'argument': conversion from 'int' to 'float', possible loss of data
C:\Users\Jack\source\repos\helloWorld\actualTicTacToe\actualTicTacToe.cpp(356,58): warning C4244: 'argument': conversion from 'int' to 'float', possible loss of data
C:\Users\Jack\source\repos\helloWorld\actualTicTacToe\actualTicTacToe.cpp(356,46): warning C4244: 'argument': conversion from 'int' to 'float', possible loss of data
C:\Users\Jack\source\repos\helloWorld\actualTicTacToe\actualTicTacToe.cpp(366,49): warning C4244: 'argument': conversion from 'int' to 'float', possible loss of data
C:\Users\Jack\source\repos\helloWorld\actualTicTacToe\actualTicTacToe.cpp(370,51): warning C4244: 'argument': conversion from 'int' to 'float', possible loss of data
C:\Users\Jack\source\repos\helloWorld\actualTicTacToe\actualTicTacToe.cpp(374,57): warning C4244: 'argument': conversion from 'int' to 'float', possible loss of data
C:\Users\Jack\source\repos\helloWorld\actualTicTacToe\actualTicTacToe.cpp(378,46): warning C4244: 'argument': conversion from 'int' to 'float', possible loss of data
C:\Users\Jack\source\repos\helloWorld\actualTicTacToe\actualTicTacToe.cpp(383,48): warning C4244: 'argument': conversion from 'int' to 'float', possible loss of data
C:\Users\Jack\source\repos\helloWorld\actualTicTacToe\actualTicTacToe.cpp(388,54): warning C4244: 'argument': conversion from 'int' to 'float', possible loss of data
C:\Users\Jack\source\repos\helloWorld\actualTicTacToe\actualTicTacToe.cpp(398,37): warning C4244: 'argument': conversion from 'const int' to 'float', possible loss of data
  actualTicTacToe.vcxproj -> C:\Users\Jack\source\repos\helloWorld\Debug\actualTicTacToe.exe
